<?xml version="1.0" encoding="UTF-8"?>
<!-- Generated by org.testng.reporters.JUnitReportReporter -->
<testsuite hostname="DESKTOP-CS660UK" failures="0" tests="4" name="api.test.UserTests" time="5.167" errors="0" timestamp="2024-10-30T13:06:32 CET" skipped="0">
  <testcase classname="api.test.UserTests" name="testPostUser" time="2.536"/>
  <testcase classname="api.test.UserTests" name="testGetUserByName" time="0.684"/>
  <testcase classname="api.test.UserTests" name="testUpdateUserByName" time="1.299"/>
  <testcase classname="api.test.UserTests" name="testDeleteUserByName" time="0.648"/>
</testsuite> <!-- api.test.UserTests -->
