<?xml version="1.0" encoding="UTF-8"?>
<!-- Generated by org.testng.reporters.JUnitReportReporter -->
<testsuite hostname="DESKTOP-CS660UK" failures="0" tests="4" name="api.test.UserTests" time="5.301" errors="0" timestamp="2024-10-30T15:50:45 CET" skipped="0">
  <testcase classname="api.test.UserTests" name="testPostUser" time="2.672"/>
  <testcase classname="api.test.UserTests" name="testGetUserByName" time="0.668"/>
  <testcase classname="api.test.UserTests" name="testUpdateUserByName" time="1.321"/>
  <testcase classname="api.test.UserTests" name="testDeleteUserByName" time="0.640"/>
</testsuite> <!-- api.test.UserTests -->
